<?xml version="1.0" encoding="UTF-8"?>
<!-- Generated by org.testng.reporters.JUnitReportReporter -->
<testsuite hostname="Tanvir-ACER" failures="0" tests="1" name="com.webappsecurity.zero.TestScripts.VerifyFundTransferfundTest" time="36.627" errors="0" timestamp="2020-08-24T11:21:43 PDT" skipped="0">
  <testcase classname="com.webappsecurity.zero.TestScripts.VerifyFundTransferfundTest" name="fundTransferVerify" time="36.627"/>
</testsuite> <!-- com.webappsecurity.zero.TestScripts.VerifyFundTransferfundTest -->
